<?xml version="1.0" encoding="UTF-8"?>
<!-- Generated by org.testng.reporters.JUnitXMLReporter -->
<testsuite ignored="1" hostname="LAPTOP-5K836TPI" failures="0" tests="1" name="Default test" time="27.806" errors="0" timestamp="2023-05-19T15:02:09 ICT">
  <testcase classname="TestCase.LoginFunction" name="TC01_Login_valid" time="10.988"/>
  <testcase classname="TestCase.LoginFunction" name="TC02_Login_invalid" time="0.0">
    <ignored/>
  </testcase> <!-- TC02_Login_invalid -->
</testsuite> <!-- Default test -->
